This file contains any messages produced by compilers while
running configure, to aid debugging if configure makes a mistake.

It was created by YAD configure 0.17.1.1, which was
generated by GNU Autoconf 2.68.  Invocation command line was

  $ ./configure --build=i486-linux-gnu --prefix=/usr --includedir=${prefix}/include --mandir=${prefix}/share/man --infodir=${prefix}/share/info --sysconfdir=/etc --localstatedir=/var --libexecdir=${prefix}/lib/yet-another-dialog --disable-maintainer-mode --disable-dependency-tracking

## --------- ##
## Platform. ##
## --------- ##

hostname = testinstall
uname -m = i686
uname -r = 3.2.0-2-686-pae
uname -s = Linux
uname -v = #1 SMP Mon Jun 11 18:27:04 UTC 2012

/usr/bin/uname -p = unknown
/bin/uname -X     = unknown

/bin/arch              = unknown
/usr/bin/arch -k       = unknown
/usr/convex/getsysinfo = unknown
/usr/bin/hostinfo      = unknown
/bin/machine           = unknown
/usr/bin/oslevel       = unknown
/bin/universe          = unknown

PATH: /usr/local/bin
PATH: /usr/bin
PATH: /bin
PATH: /usr/local/games
PATH: /usr/games


## ----------- ##
## Core tests. ##
## ----------- ##

configure:2256: checking for a BSD-compatible install
configure:2324: result: /usr/bin/install -c
configure:2335: checking whether build environment is sane
configure:2385: result: yes
configure:2526: checking for a thread-safe mkdir -p
configure:2565: result: /bin/mkdir -p
configure:2578: checking for gawk
configure:2594: found /usr/bin/gawk
configure:2605: result: gawk
configure:2616: checking whether make sets $(MAKE)
configure:2638: result: yes
configure:2729: checking whether make supports nested variables
configure:2746: result: yes
configure:2765: checking whether to enable maintainer-specific portions of Makefiles
configure:2774: result: no
configure:2789: checking whether NLS is requested
configure:2798: result: yes
configure:2814: checking for style of include used by make
configure:2842: result: GNU
configure:2913: checking for gcc
configure:2929: found /usr/bin/gcc
configure:2940: result: gcc
configure:3169: checking for C compiler version
configure:3178: gcc --version >&5
gcc (Debian 4.7.1-2) 4.7.1
Copyright (C) 2012 Free Software Foundation, Inc.
This is free software; see the source for copying conditions.  There is NO
warranty; not even for MERCHANTABILITY or FITNESS FOR A PARTICULAR PURPOSE.

configure:3189: $? = 0
configure:3178: gcc -v >&5
Using built-in specs.
COLLECT_GCC=gcc
COLLECT_LTO_WRAPPER=/usr/lib/gcc/i486-linux-gnu/4.7/lto-wrapper
Target: i486-linux-gnu
Configured with: ../src/configure -v --with-pkgversion='Debian 4.7.1-2' --with-bugurl=file:///usr/share/doc/gcc-4.7/README.Bugs --enable-languages=c,c++,go,fortran,objc,obj-c++ --prefix=/usr --program-suffix=-4.7 --enable-shared --enable-linker-build-id --with-system-zlib --libexecdir=/usr/lib --without-included-gettext --enable-threads=posix --with-gxx-include-dir=/usr/include/c++/4.7 --libdir=/usr/lib --enable-nls --with-sysroot=/ --enable-clocale=gnu --enable-libstdcxx-debug --enable-libstdcxx-time=yes --enable-gnu-unique-object --enable-plugin --enable-objc-gc --enable-targets=all --with-arch-32=i586 --with-tune=generic --enable-checking=release --build=i486-linux-gnu --host=i486-linux-gnu --target=i486-linux-gnu
Thread model: posix
gcc version 4.7.1 (Debian 4.7.1-2) 
configure:3189: $? = 0
configure:3178: gcc -V >&5
gcc: error: unrecognized command line option '-V'
gcc: fatal error: no input files
compilation terminated.
configure:3189: $? = 4
configure:3178: gcc -qversion >&5
gcc: error: unrecognized command line option '-qversion'
gcc: fatal error: no input files
compilation terminated.
configure:3189: $? = 4
configure:3209: checking whether the C compiler works
configure:3231: gcc    conftest.c  >&5
configure:3235: $? = 0
configure:3283: result: yes
configure:3286: checking for C compiler default output file name
configure:3288: result: a.out
configure:3294: checking for suffix of executables
configure:3301: gcc -o conftest    conftest.c  >&5
configure:3305: $? = 0
configure:3327: result: 
configure:3349: checking whether we are cross compiling
configure:3357: gcc -o conftest    conftest.c  >&5
configure:3361: $? = 0
configure:3368: ./conftest
configure:3372: $? = 0
configure:3387: result: no
configure:3392: checking for suffix of object files
configure:3414: gcc -c   conftest.c >&5
configure:3418: $? = 0
configure:3439: result: o
configure:3443: checking whether we are using the GNU C compiler
configure:3462: gcc -c   conftest.c >&5
configure:3462: $? = 0
configure:3471: result: yes
configure:3480: checking whether gcc accepts -g
configure:3500: gcc -c -g  conftest.c >&5
configure:3500: $? = 0
configure:3541: result: yes
configure:3558: checking for gcc option to accept ISO C89
configure:3622: gcc  -c -g -O2  conftest.c >&5
configure:3622: $? = 0
configure:3635: result: none needed
configure:3657: checking dependency style of gcc
configure:3768: result: none
configure:3795: checking for intltool >= 0.40.0
configure:3802: result: 0.50.2 found
configure:3810: checking for intltool-update
configure:3828: found /usr/bin/intltool-update
configure:3840: result: /usr/bin/intltool-update
configure:3850: checking for intltool-merge
configure:3868: found /usr/bin/intltool-merge
configure:3880: result: /usr/bin/intltool-merge
configure:3890: checking for intltool-extract
configure:3908: found /usr/bin/intltool-extract
configure:3920: result: /usr/bin/intltool-extract
configure:4051: checking for xgettext
configure:4069: found /usr/bin/xgettext
configure:4081: result: /usr/bin/xgettext
configure:4091: checking for msgmerge
configure:4109: found /usr/bin/msgmerge
configure:4121: result: /usr/bin/msgmerge
configure:4131: checking for msgfmt
configure:4149: found /usr/bin/msgfmt
configure:4161: result: /usr/bin/msgfmt
configure:4171: checking for gmsgfmt
configure:4202: result: /usr/bin/msgfmt
configure:4222: checking for perl
configure:4240: found /usr/bin/perl
configure:4252: result: /usr/bin/perl
configure:4263: checking for perl >= 5.8.1
configure:4270: result: 5.14.2
configure:4274: checking for XML::Parser
configure:4277: result: ok
configure:4302: gcc -o conftest -g -O2   conftest.c  >&5
configure:4302: $? = 0
configure:4377: checking for gcc
configure:4404: result: gcc
configure:4633: checking for C compiler version
configure:4642: gcc --version >&5
gcc (Debian 4.7.1-2) 4.7.1
Copyright (C) 2012 Free Software Foundation, Inc.
This is free software; see the source for copying conditions.  There is NO
warranty; not even for MERCHANTABILITY or FITNESS FOR A PARTICULAR PURPOSE.

configure:4653: $? = 0
configure:4642: gcc -v >&5
Using built-in specs.
COLLECT_GCC=gcc
COLLECT_LTO_WRAPPER=/usr/lib/gcc/i486-linux-gnu/4.7/lto-wrapper
Target: i486-linux-gnu
Configured with: ../src/configure -v --with-pkgversion='Debian 4.7.1-2' --with-bugurl=file:///usr/share/doc/gcc-4.7/README.Bugs --enable-languages=c,c++,go,fortran,objc,obj-c++ --prefix=/usr --program-suffix=-4.7 --enable-shared --enable-linker-build-id --with-system-zlib --libexecdir=/usr/lib --without-included-gettext --enable-threads=posix --with-gxx-include-dir=/usr/include/c++/4.7 --libdir=/usr/lib --enable-nls --with-sysroot=/ --enable-clocale=gnu --enable-libstdcxx-debug --enable-libstdcxx-time=yes --enable-gnu-unique-object --enable-plugin --enable-objc-gc --enable-targets=all --with-arch-32=i586 --with-tune=generic --enable-checking=release --build=i486-linux-gnu --host=i486-linux-gnu --target=i486-linux-gnu
Thread model: posix
gcc version 4.7.1 (Debian 4.7.1-2) 
configure:4653: $? = 0
configure:4642: gcc -V >&5
gcc: error: unrecognized command line option '-V'
gcc: fatal error: no input files
compilation terminated.
configure:4653: $? = 4
configure:4642: gcc -qversion >&5
gcc: error: unrecognized command line option '-qversion'
gcc: fatal error: no input files
compilation terminated.
configure:4653: $? = 4
configure:4657: checking whether we are using the GNU C compiler
configure:4685: result: yes
configure:4694: checking whether gcc accepts -g
configure:4755: result: yes
configure:4772: checking for gcc option to accept ISO C89
configure:4849: result: none needed
configure:4871: checking dependency style of gcc
configure:4982: result: none
configure:5015: result: gtk2
configure:5083: checking for pkg-config
configure:5101: found /usr/bin/pkg-config
configure:5113: result: /usr/bin/pkg-config
configure:5138: checking pkg-config is at least version 0.9.0
configure:5141: result: yes
configure:5151: checking for YAD
configure:5158: $PKG_CONFIG --exists --print-errors "$GTK_MODULE >= $GTK_REQUIRED $GTK_PRINT"
configure:5161: $? = 0
configure:5174: $PKG_CONFIG --exists --print-errors "$GTK_MODULE >= $GTK_REQUIRED $GTK_PRINT"
configure:5177: $? = 0
configure:5234: result: yes
configure:5309: checking how to run the C preprocessor
configure:5340: gcc -E  conftest.c
configure:5340: $? = 0
configure:5354: gcc -E  conftest.c
conftest.c:13:28: fatal error: ac_nonexistent.h: No such file or directory
compilation terminated.
configure:5354: $? = 1
configure: failed program was:
| /* confdefs.h */
| #define PACKAGE_NAME "YAD"
| #define PACKAGE_TARNAME "yad"
| #define PACKAGE_VERSION "0.17.1.1"
| #define PACKAGE_STRING "YAD 0.17.1.1"
| #define PACKAGE_BUGREPORT "http://code.google.com/p/yad/issues/entry"
| #define PACKAGE_URL "http://code.google.com/p/yad"
| #define PACKAGE "yad"
| #define VERSION "0.17.1.1"
| #define RGB_FILE "/etc/X11/rgb.txt"
| #define GETTEXT_PACKAGE "yad"
| /* end confdefs.h.  */
| #include <ac_nonexistent.h>
configure:5379: result: gcc -E
configure:5399: gcc -E  conftest.c
configure:5399: $? = 0
configure:5413: gcc -E  conftest.c
conftest.c:13:28: fatal error: ac_nonexistent.h: No such file or directory
compilation terminated.
configure:5413: $? = 1
configure: failed program was:
| /* confdefs.h */
| #define PACKAGE_NAME "YAD"
| #define PACKAGE_TARNAME "yad"
| #define PACKAGE_VERSION "0.17.1.1"
| #define PACKAGE_STRING "YAD 0.17.1.1"
| #define PACKAGE_BUGREPORT "http://code.google.com/p/yad/issues/entry"
| #define PACKAGE_URL "http://code.google.com/p/yad"
| #define PACKAGE "yad"
| #define VERSION "0.17.1.1"
| #define RGB_FILE "/etc/X11/rgb.txt"
| #define GETTEXT_PACKAGE "yad"
| /* end confdefs.h.  */
| #include <ac_nonexistent.h>
configure:5442: checking for grep that handles long lines and -e
configure:5500: result: /bin/grep
configure:5505: checking for egrep
configure:5567: result: /bin/grep -E
configure:5572: checking for ANSI C header files
configure:5592: gcc -c -g -O2  conftest.c >&5
configure:5592: $? = 0
configure:5665: gcc -o conftest -g -O2   conftest.c  >&5
configure:5665: $? = 0
configure:5665: ./conftest
configure:5665: $? = 0
configure:5676: result: yes
configure:5689: checking for sys/types.h
configure:5689: gcc -c -g -O2  conftest.c >&5
configure:5689: $? = 0
configure:5689: result: yes
configure:5689: checking for sys/stat.h
configure:5689: gcc -c -g -O2  conftest.c >&5
configure:5689: $? = 0
configure:5689: result: yes
configure:5689: checking for stdlib.h
configure:5689: gcc -c -g -O2  conftest.c >&5
configure:5689: $? = 0
configure:5689: result: yes
configure:5689: checking for string.h
configure:5689: gcc -c -g -O2  conftest.c >&5
configure:5689: $? = 0
configure:5689: result: yes
configure:5689: checking for memory.h
configure:5689: gcc -c -g -O2  conftest.c >&5
configure:5689: $? = 0
configure:5689: result: yes
configure:5689: checking for strings.h
configure:5689: gcc -c -g -O2  conftest.c >&5
configure:5689: $? = 0
configure:5689: result: yes
configure:5689: checking for inttypes.h
configure:5689: gcc -c -g -O2  conftest.c >&5
configure:5689: $? = 0
configure:5689: result: yes
configure:5689: checking for stdint.h
configure:5689: gcc -c -g -O2  conftest.c >&5
configure:5689: $? = 0
configure:5689: result: yes
configure:5689: checking for unistd.h
configure:5689: gcc -c -g -O2  conftest.c >&5
configure:5689: $? = 0
configure:5689: result: yes
configure:5704: checking locale.h usability
configure:5704: gcc -c -g -O2  conftest.c >&5
configure:5704: $? = 0
configure:5704: result: yes
configure:5704: checking locale.h presence
configure:5704: gcc -E  conftest.c
configure:5704: $? = 0
configure:5704: result: yes
configure:5704: checking for locale.h
configure:5704: result: yes
configure:5715: checking for LC_MESSAGES
configure:5731: gcc -o conftest -g -O2   conftest.c  >&5
configure:5731: $? = 0
configure:5739: result: yes
configure:5756: checking libintl.h usability
configure:5756: gcc -c -g -O2  conftest.c >&5
configure:5756: $? = 0
configure:5756: result: yes
configure:5756: checking libintl.h presence
configure:5756: gcc -E  conftest.c
configure:5756: $? = 0
configure:5756: result: yes
configure:5756: checking for libintl.h
configure:5756: result: yes
configure:5764: checking for ngettext in libc
configure:5782: gcc -o conftest -g -O2   conftest.c  >&5
configure:5782: $? = 0
configure:5791: result: yes
configure:5795: checking for dgettext in libc
configure:5813: gcc -o conftest -g -O2   conftest.c  >&5
configure:5813: $? = 0
configure:5822: result: yes
configure:5829: checking for bind_textdomain_codeset
configure:5829: gcc -o conftest -g -O2   conftest.c  >&5
configure:5829: $? = 0
configure:5829: result: yes
configure:6105: checking for msgfmt
configure:6132: result: /usr/bin/msgfmt
configure:6143: checking for dcgettext
configure:6143: gcc -o conftest -g -O2   conftest.c   >&5
conftest.c:50:6: warning: conflicting types for built-in function 'dcgettext' [enabled by default]
configure:6143: $? = 0
configure:6143: result: yes
configure:6153: checking if msgfmt accepts -c
configure:6168: $MSGFMT -c -o /dev/null conftest.foo
configure:6171: $? = 0
configure:6173: result: yes
configure:6183: checking for gmsgfmt
configure:6214: result: /usr/bin/msgfmt
configure:6224: checking for xgettext
configure:6251: result: /usr/bin/xgettext
configure:6270: gcc -o conftest -g -O2   conftest.c   >&5
configure:6270: $? = 0
configure:6563: creating ./config.status

## ---------------------- ##
## Running config.status. ##
## ---------------------- ##

This file was extended by YAD config.status 0.17.1.1, which was
generated by GNU Autoconf 2.68.  Invocation command line was

  CONFIG_FILES    = 
  CONFIG_HEADERS  = 
  CONFIG_LINKS    = 
  CONFIG_COMMANDS = 
  $ ./config.status 

on testinstall

config.status:964: creating Makefile
config.status:964: creating po/Makefile.in
config.status:964: creating src/Makefile
config.status:964: creating data/Makefile
config.status:964: creating data/icons/Makefile
config.status:964: creating data/icons/16x16/Makefile
config.status:964: creating data/icons/24x24/Makefile
config.status:964: creating data/icons/32x32/Makefile
config.status:964: creating data/icons/48x48/Makefile
config.status:964: creating data/icons/96x96/Makefile
config.status:964: creating data/icons/128x128/Makefile
config.status:964: creating data/yad.m4
config.status:964: creating data/yad.spec
config.status:964: creating config.h
config.status:1193: executing depfiles commands
config.status:1193: executing default-1 commands
config.status:1193: executing po/stamp-it commands

## ---------------- ##
## Cache variables. ##
## ---------------- ##

ac_cv_c_compiler_gnu=yes
ac_cv_env_CC_set=
ac_cv_env_CC_value=
ac_cv_env_CFLAGS_set=
ac_cv_env_CFLAGS_value=
ac_cv_env_CPPFLAGS_set=
ac_cv_env_CPPFLAGS_value=
ac_cv_env_CPP_set=
ac_cv_env_CPP_value=
ac_cv_env_LDFLAGS_set=
ac_cv_env_LDFLAGS_value=
ac_cv_env_LIBS_set=
ac_cv_env_LIBS_value=
ac_cv_env_PKG_CONFIG_LIBDIR_set=
ac_cv_env_PKG_CONFIG_LIBDIR_value=
ac_cv_env_PKG_CONFIG_PATH_set=
ac_cv_env_PKG_CONFIG_PATH_value=
ac_cv_env_PKG_CONFIG_set=
ac_cv_env_PKG_CONFIG_value=
ac_cv_env_YAD_CFLAGS_set=
ac_cv_env_YAD_CFLAGS_value=
ac_cv_env_YAD_LIBS_set=
ac_cv_env_YAD_LIBS_value=
ac_cv_env_build_alias_set=set
ac_cv_env_build_alias_value=i486-linux-gnu
ac_cv_env_host_alias_set=
ac_cv_env_host_alias_value=
ac_cv_env_target_alias_set=
ac_cv_env_target_alias_value=
ac_cv_func_bind_textdomain_codeset=yes
ac_cv_func_dcgettext=yes
ac_cv_header_inttypes_h=yes
ac_cv_header_libintl_h=yes
ac_cv_header_locale_h=yes
ac_cv_header_memory_h=yes
ac_cv_header_stdc=yes
ac_cv_header_stdint_h=yes
ac_cv_header_stdlib_h=yes
ac_cv_header_string_h=yes
ac_cv_header_strings_h=yes
ac_cv_header_sys_stat_h=yes
ac_cv_header_sys_types_h=yes
ac_cv_header_unistd_h=yes
ac_cv_objext=o
ac_cv_path_EGREP='/bin/grep -E'
ac_cv_path_GMSGFMT=/usr/bin/msgfmt
ac_cv_path_GREP=/bin/grep
ac_cv_path_INTLTOOL_EXTRACT=/usr/bin/intltool-extract
ac_cv_path_INTLTOOL_MERGE=/usr/bin/intltool-merge
ac_cv_path_INTLTOOL_PERL=/usr/bin/perl
ac_cv_path_INTLTOOL_UPDATE=/usr/bin/intltool-update
ac_cv_path_MSGFMT=/usr/bin/msgfmt
ac_cv_path_MSGMERGE=/usr/bin/msgmerge
ac_cv_path_XGETTEXT=/usr/bin/xgettext
ac_cv_path_ac_pt_PKG_CONFIG=/usr/bin/pkg-config
ac_cv_path_install='/usr/bin/install -c'
ac_cv_path_mkdir=/bin/mkdir
ac_cv_prog_AWK=gawk
ac_cv_prog_CPP='gcc -E'
ac_cv_prog_ac_ct_CC=gcc
ac_cv_prog_cc_c89=
ac_cv_prog_cc_g=yes
ac_cv_prog_make_make_set=yes
am_cv_CC_dependencies_compiler_type=none
am_cv_make_support_nested_variables=yes
am_cv_val_LC_MESSAGES=yes
gt_cv_func_dgettext_libc=yes
gt_cv_func_dgettext_libintl=no
gt_cv_func_ngettext_libc=yes
gt_cv_have_gettext=yes
pkg_cv_YAD_CFLAGS='-pthread -I/usr/include/gtk-2.0 -I/usr/lib/i386-linux-gnu/gtk-2.0/include -I/usr/include/atk-1.0 -I/usr/include/cairo -I/usr/include/gdk-pixbuf-2.0 -I/usr/include/pango-1.0 -I/usr/include/gio-unix-2.0/ -I/usr/include/glib-2.0 -I/usr/lib/i386-linux-gnu/glib-2.0/include -I/usr/include/pixman-1 -I/usr/include/freetype2 -I/usr/include/libpng12 -I/usr/include/gtk-unix-print-2.0  '
pkg_cv_YAD_LIBS='-lgtk-x11-2.0 -lgdk-x11-2.0 -latk-1.0 -lgio-2.0 -lpangoft2-1.0 -lpangocairo-1.0 -lgdk_pixbuf-2.0 -lcairo -lpango-1.0 -lfreetype -lfontconfig -lgobject-2.0 -lglib-2.0  '

## ----------------- ##
## Output variables. ##
## ----------------- ##

ACLOCAL='${SHELL} /home/anthony/SalineOS/Yad/yad-0.17.1.1/missing --run aclocal-1.11'
ALL_LINGUAS=''
AMDEPBACKSLASH=''
AMDEP_FALSE=''
AMDEP_TRUE='#'
AMTAR='$${TAR-tar}'
AM_BACKSLASH='\'
AM_CFLAGS=''
AM_CPPFLAGS=''
AM_DEFAULT_V='$(AM_DEFAULT_VERBOSITY)'
AM_DEFAULT_VERBOSITY='0'
AM_LDFLAGS=''
AM_V='$(V)'
AUTOCONF='${SHELL} /home/anthony/SalineOS/Yad/yad-0.17.1.1/missing --run autoconf'
AUTOHEADER='${SHELL} /home/anthony/SalineOS/Yad/yad-0.17.1.1/missing --run autoheader'
AUTOMAKE='${SHELL} /home/anthony/SalineOS/Yad/yad-0.17.1.1/missing --run automake-1.11'
AWK='gawk'
BUILD_IB_FALSE=''
BUILD_IB_TRUE='#'
CATALOGS=''
CATOBJEXT='.gmo'
CC='gcc'
CCDEPMODE='depmode=none'
CFLAGS='-g -O2'
CPP='gcc -E'
CPPFLAGS=''
CYGPATH_W='echo'
DATADIRNAME='share'
DEFS='-DHAVE_CONFIG_H'
DEPDIR='.deps'
DISABLE_DEPRECATED=''
ECHO_C=''
ECHO_N='-n'
ECHO_T=''
EGREP='/bin/grep -E'
EXEEXT=''
GETTEXT_PACKAGE='yad'
GMOFILES=''
GMSGFMT='/usr/bin/msgfmt'
GREP='/bin/grep'
INSTALL_DATA='${INSTALL} -m 644'
INSTALL_PROGRAM='${INSTALL}'
INSTALL_SCRIPT='${INSTALL}'
INSTALL_STRIP_PROGRAM='$(install_sh) -c -s'
INSTOBJEXT='.mo'
INTLLIBS=''
INTLTOOL_CAVES_RULE='%.caves:     %.caves.in     $(INTLTOOL_MERGE) $(wildcard $(top_srcdir)/po/*.po) ; LC_ALL=C $(INTLTOOL_MERGE) -d -u -c $(top_builddir)/po/.intltool-merge-cache $(top_srcdir)/po $< $@'
INTLTOOL_DESKTOP_RULE='%.desktop:   %.desktop.in   $(INTLTOOL_MERGE) $(wildcard $(top_srcdir)/po/*.po) ; LC_ALL=C $(INTLTOOL_MERGE) -d -u -c $(top_builddir)/po/.intltool-merge-cache $(top_srcdir)/po $< $@'
INTLTOOL_DIRECTORY_RULE='%.directory: %.directory.in $(INTLTOOL_MERGE) $(wildcard $(top_srcdir)/po/*.po) ; LC_ALL=C $(INTLTOOL_MERGE) -d -u -c $(top_builddir)/po/.intltool-merge-cache $(top_srcdir)/po $< $@'
INTLTOOL_EXTRACT='/usr/bin/intltool-extract'
INTLTOOL_KBD_RULE='%.kbd:       %.kbd.in       $(INTLTOOL_MERGE) $(wildcard $(top_srcdir)/po/*.po) ; LC_ALL=C $(INTLTOOL_MERGE) -x -u -m -c $(top_builddir)/po/.intltool-merge-cache $(top_srcdir)/po $< $@'
INTLTOOL_KEYS_RULE='%.keys:      %.keys.in      $(INTLTOOL_MERGE) $(wildcard $(top_srcdir)/po/*.po) ; LC_ALL=C $(INTLTOOL_MERGE) -k -u -c $(top_builddir)/po/.intltool-merge-cache $(top_srcdir)/po $< $@'
INTLTOOL_MERGE='/usr/bin/intltool-merge'
INTLTOOL_OAF_RULE='%.oaf:       %.oaf.in       $(INTLTOOL_MERGE) $(wildcard $(top_srcdir)/po/*.po) ; LC_ALL=C $(INTLTOOL_MERGE) -o -p $(top_srcdir)/po $< $@'
INTLTOOL_PERL='/usr/bin/perl'
INTLTOOL_POLICY_RULE='%.policy:    %.policy.in    $(INTLTOOL_MERGE) $(wildcard $(top_srcdir)/po/*.po) ; LC_ALL=C $(INTLTOOL_MERGE) -x -u -c $(top_builddir)/po/.intltool-merge-cache $(top_srcdir)/po $< $@'
INTLTOOL_PONG_RULE='%.pong:      %.pong.in      $(INTLTOOL_MERGE) $(wildcard $(top_srcdir)/po/*.po) ; LC_ALL=C $(INTLTOOL_MERGE) -x -u -c $(top_builddir)/po/.intltool-merge-cache $(top_srcdir)/po $< $@'
INTLTOOL_PROP_RULE='%.prop:      %.prop.in      $(INTLTOOL_MERGE) $(wildcard $(top_srcdir)/po/*.po) ; LC_ALL=C $(INTLTOOL_MERGE) -d -u -c $(top_builddir)/po/.intltool-merge-cache $(top_srcdir)/po $< $@'
INTLTOOL_SCHEMAS_RULE='%.schemas:   %.schemas.in   $(INTLTOOL_MERGE) $(wildcard $(top_srcdir)/po/*.po) ; LC_ALL=C $(INTLTOOL_MERGE) -s -u -c $(top_builddir)/po/.intltool-merge-cache $(top_srcdir)/po $< $@'
INTLTOOL_SERVER_RULE='%.server:    %.server.in    $(INTLTOOL_MERGE) $(wildcard $(top_srcdir)/po/*.po) ; LC_ALL=C $(INTLTOOL_MERGE) -o -u -c $(top_builddir)/po/.intltool-merge-cache $(top_srcdir)/po $< $@'
INTLTOOL_SERVICE_RULE='%.service: %.service.in   $(INTLTOOL_MERGE) $(wildcard $(top_srcdir)/po/*.po) ; LC_ALL=C $(INTLTOOL_MERGE) -d -u -c $(top_builddir)/po/.intltool-merge-cache $(top_srcdir)/po $< $@'
INTLTOOL_SHEET_RULE='%.sheet:     %.sheet.in     $(INTLTOOL_MERGE) $(wildcard $(top_srcdir)/po/*.po) ; LC_ALL=C $(INTLTOOL_MERGE) -x -u -c $(top_builddir)/po/.intltool-merge-cache $(top_srcdir)/po $< $@'
INTLTOOL_SOUNDLIST_RULE='%.soundlist: %.soundlist.in $(INTLTOOL_MERGE) $(wildcard $(top_srcdir)/po/*.po) ; LC_ALL=C $(INTLTOOL_MERGE) -d -u -c $(top_builddir)/po/.intltool-merge-cache $(top_srcdir)/po $< $@'
INTLTOOL_THEME_RULE='%.theme:     %.theme.in     $(INTLTOOL_MERGE) $(wildcard $(top_srcdir)/po/*.po) ; LC_ALL=C $(INTLTOOL_MERGE) -d -u -c $(top_builddir)/po/.intltool-merge-cache $(top_srcdir)/po $< $@'
INTLTOOL_UI_RULE='%.ui:        %.ui.in        $(INTLTOOL_MERGE) $(wildcard $(top_srcdir)/po/*.po) ; LC_ALL=C $(INTLTOOL_MERGE) -x -u -c $(top_builddir)/po/.intltool-merge-cache $(top_srcdir)/po $< $@'
INTLTOOL_UPDATE='/usr/bin/intltool-update'
INTLTOOL_XAM_RULE='%.xam:       %.xml.in       $(INTLTOOL_MERGE) $(wildcard $(top_srcdir)/po/*.po) ; LC_ALL=C $(INTLTOOL_MERGE) -x -u -c $(top_builddir)/po/.intltool-merge-cache $(top_srcdir)/po $< $@'
INTLTOOL_XML_NOMERGE_RULE='%.xml:       %.xml.in       $(INTLTOOL_MERGE) ; LC_ALL=C $(INTLTOOL_MERGE) -x -u --no-translations $< $@'
INTLTOOL_XML_RULE='%.xml:       %.xml.in       $(INTLTOOL_MERGE) $(wildcard $(top_srcdir)/po/*.po) ; LC_ALL=C $(INTLTOOL_MERGE) -x -u -c $(top_builddir)/po/.intltool-merge-cache $(top_srcdir)/po $< $@'
LDFLAGS=''
LIBOBJS=''
LIBS=''
LTLIBOBJS=''
MAINT='#'
MAINTAINER_MODE_FALSE=''
MAINTAINER_MODE_TRUE='#'
MAKEINFO='${SHELL} /home/anthony/SalineOS/Yad/yad-0.17.1.1/missing --run makeinfo'
MKDIR_P='/bin/mkdir -p'
MKINSTALLDIRS='./mkinstalldirs'
MSGFMT='/usr/bin/msgfmt'
MSGFMT_OPTS='-c'
MSGMERGE='/usr/bin/msgmerge'
OBJEXT='o'
PACKAGE='yad'
PACKAGE_BUGREPORT='http://code.google.com/p/yad/issues/entry'
PACKAGE_NAME='YAD'
PACKAGE_STRING='YAD 0.17.1.1'
PACKAGE_TARNAME='yad'
PACKAGE_URL='http://code.google.com/p/yad'
PACKAGE_VERSION='0.17.1.1'
PATH_SEPARATOR=':'
PKG_CONFIG='/usr/bin/pkg-config'
PKG_CONFIG_LIBDIR=''
PKG_CONFIG_PATH=''
POFILES=''
POSUB='po'
PO_IN_DATADIR_FALSE=''
PO_IN_DATADIR_TRUE=''
SET_MAKE=''
SHELL='/bin/bash'
STRIP=''
USE_NLS='yes'
VERSION='0.17.1.1'
XGETTEXT='/usr/bin/xgettext'
YAD_CFLAGS='-pthread -I/usr/include/gtk-2.0 -I/usr/lib/i386-linux-gnu/gtk-2.0/include -I/usr/include/atk-1.0 -I/usr/include/cairo -I/usr/include/gdk-pixbuf-2.0 -I/usr/include/pango-1.0 -I/usr/include/gio-unix-2.0/ -I/usr/include/glib-2.0 -I/usr/lib/i386-linux-gnu/glib-2.0/include -I/usr/include/pixman-1 -I/usr/include/freetype2 -I/usr/include/libpng12 -I/usr/include/gtk-unix-print-2.0  '
YAD_LIBS='-lgtk-x11-2.0 -lgdk-x11-2.0 -latk-1.0 -lgio-2.0 -lpangoft2-1.0 -lpangocairo-1.0 -lgdk_pixbuf-2.0 -lcairo -lpango-1.0 -lfreetype -lfontconfig -lgobject-2.0 -lglib-2.0  '
ac_ct_CC='gcc'
am__EXEEXT_FALSE=''
am__EXEEXT_TRUE='#'
am__fastdepCC_FALSE=''
am__fastdepCC_TRUE='#'
am__include='include'
am__isrc=''
am__leading_dot='.'
am__nodep=''
am__quote=''
am__tar='$${TAR-tar} chof - "$$tardir"'
am__untar='$${TAR-tar} xf -'
bindir='${exec_prefix}/bin'
build_alias='i486-linux-gnu'
datadir='${datarootdir}'
datarootdir='${prefix}/share'
docdir='${datarootdir}/doc/${PACKAGE_TARNAME}'
dvidir='${docdir}'
exec_prefix='${prefix}'
host_alias=''
htmldir='${docdir}'
includedir='${prefix}/include'
infodir='${prefix}/share/info'
install_sh='${SHELL} /home/anthony/SalineOS/Yad/yad-0.17.1.1/install-sh'
libdir='${exec_prefix}/lib'
libexecdir='${prefix}/lib/yet-another-dialog'
localedir='${datarootdir}/locale'
localstatedir='/var'
mandir='${prefix}/share/man'
mkdir_p='/bin/mkdir -p'
oldincludedir='/usr/include'
pdfdir='${docdir}'
prefix='/usr'
program_transform_name='s,x,x,'
psdir='${docdir}'
sbindir='${exec_prefix}/sbin'
sharedstatedir='${prefix}/com'
sysconfdir='/etc'
target_alias=''

## ----------- ##
## confdefs.h. ##
## ----------- ##

/* confdefs.h */
#define PACKAGE_NAME "YAD"
#define PACKAGE_TARNAME "yad"
#define PACKAGE_VERSION "0.17.1.1"
#define PACKAGE_STRING "YAD 0.17.1.1"
#define PACKAGE_BUGREPORT "http://code.google.com/p/yad/issues/entry"
#define PACKAGE_URL "http://code.google.com/p/yad"
#define PACKAGE "yad"
#define VERSION "0.17.1.1"
#define RGB_FILE "/etc/X11/rgb.txt"
#define GETTEXT_PACKAGE "yad"
#define STDC_HEADERS 1
#define HAVE_SYS_TYPES_H 1
#define HAVE_SYS_STAT_H 1
#define HAVE_STDLIB_H 1
#define HAVE_STRING_H 1
#define HAVE_MEMORY_H 1
#define HAVE_STRINGS_H 1
#define HAVE_INTTYPES_H 1
#define HAVE_STDINT_H 1
#define HAVE_UNISTD_H 1
#define HAVE_LOCALE_H 1
#define HAVE_LC_MESSAGES 1
#define HAVE_BIND_TEXTDOMAIN_CODESET 1
#define HAVE_GETTEXT 1
#define HAVE_DCGETTEXT 1
#define ENABLE_NLS 1

configure: exit 0
